<?xml version="1.0" encoding="UTF-8"?><testsuite name="nosetests" tests="284" errors="0" failures="0" skip="128"><testcase classname="01-index-crud-test.IndexCrudTests" name="test_bad_fields" time="0.053"></testcase><testcase classname="01-index-crud-test.IndexCrudTests" name="test_bad_names" time="0.054"></testcase><testcase classname="01-index-crud-test.IndexCrudTests" name="test_bad_types" time="0.043"></testcase><testcase classname="01-index-crud-test.IndexCrudTests" name="test_bulk_delete" time="0.395"></testcase><testcase classname="01-index-crud-test.IndexCrudTests" name="test_create_idx_01" time="0.223"></testcase><testcase classname="01-index-crud-test.IndexCrudTests" name="test_create_idx_01_exists" time="0.208"></testcase><testcase classname="01-index-crud-test.IndexCrudTests" name="test_create_idx_02" time="0.207"></testcase><testcase classname="01-index-crud-test.IndexCrudTests" name="test_delete_idx_escaped" time="0.319"></testcase><testcase classname="01-index-crud-test.IndexCrudTests" name="test_delete_idx_no_design" time="0.290"></testcase><testcase classname="01-index-crud-test.IndexCrudTests" name="test_delete_idx_unescaped" time="0.226"></testcase><testcase classname="01-index-crud-test.IndexCrudTests" name="test_delete_missing" time="0.226"></testcase><testcase classname="01-index-crud-test.IndexCrudTests" name="test_limit_skip_index" time="0.498"></testcase><testcase classname="01-index-crud-test.IndexCrudTests" name="test_out_of_sync" time="0.333"></testcase><testcase classname="01-index-crud-test.IndexCrudTests" name="test_read_idx_doc" time="0.337"></testcase><testcase classname="01-index-crud-test.IndexCrudTests" name="test_recreate_index" time="0.769"></testcase><testcase classname="01-index-crud-test.IndexCrudTextTests" name="test_create_bad_text_idx" time="0.000"><skipped type="unittest.case.SkipTest" message="requires text service"><![CDATA[Exception: requires text service
]]></skipped></testcase><testcase classname="01-index-crud-test.IndexCrudTextTests" name="test_create_text_idx" time="0.000"><skipped type="unittest.case.SkipTest" message="requires text service"><![CDATA[Exception: requires text service
]]></skipped></testcase><testcase classname="01-index-crud-test.IndexCrudTextTests" name="test_limit_skip_index" time="0.000"><skipped type="unittest.case.SkipTest" message="requires text service"><![CDATA[Exception: requires text service
]]></skipped></testcase><testcase classname="02-basic-find-test.BasicFindTests" name="test_bad_conflicts" time="0.004"></testcase><testcase classname="02-basic-find-test.BasicFindTests" name="test_bad_fields" time="0.004"></testcase><testcase classname="02-basic-find-test.BasicFindTests" name="test_bad_limit" time="0.004"></testcase><testcase classname="02-basic-find-test.BasicFindTests" name="test_bad_r" time="0.004"></testcase><testcase classname="02-basic-find-test.BasicFindTests" name="test_bad_selector" time="0.031"></testcase><testcase classname="02-basic-find-test.BasicFindTests" name="test_bad_skip" time="0.006"></testcase><testcase classname="02-basic-find-test.BasicFindTests" name="test_bad_sort" time="0.006"></testcase><testcase classname="02-basic-find-test.BasicFindTests" name="test_empty" time="0.015"></testcase><testcase classname="02-basic-find-test.BasicFindTests" name="test_empty_subsel" time="0.015"></testcase><testcase classname="02-basic-find-test.BasicFindTests" name="test_empty_subsel_match" time="0.065"></testcase><testcase classname="02-basic-find-test.BasicFindTests" name="test_explain_view_args" time="0.008"></testcase><testcase classname="02-basic-find-test.BasicFindTests" name="test_fields" time="0.078"></testcase><testcase classname="02-basic-find-test.BasicFindTests" name="test_limit" time="0.058"></testcase><testcase classname="02-basic-find-test.BasicFindTests" name="test_missing_not_indexed" time="0.138"></testcase><testcase classname="02-basic-find-test.BasicFindTests" name="test_multi_col_idx" time="0.018"></testcase><testcase classname="02-basic-find-test.BasicFindTests" name="test_multi_cond_and" time="0.069"></testcase><testcase classname="02-basic-find-test.BasicFindTests" name="test_multi_cond_duplicate_field" time="0.015"></testcase><testcase classname="02-basic-find-test.BasicFindTests" name="test_multi_cond_or" time="0.009"></testcase><testcase classname="02-basic-find-test.BasicFindTests" name="test_r" time="0.060"></testcase><testcase classname="02-basic-find-test.BasicFindTests" name="test_simple_find" time="0.009"></testcase><testcase classname="02-basic-find-test.BasicFindTests" name="test_skip" time="0.078"></testcase><testcase classname="02-basic-find-test.BasicFindTests" name="test_sort" time="0.030"></testcase><testcase classname="02-basic-find-test.BasicFindTests" name="test_sort_desc_complex" time="0.073"></testcase><testcase classname="02-basic-find-test.BasicFindTests" name="test_sort_desc_complex_error" time="0.004"></testcase><testcase classname="02-basic-find-test.BasicFindTests" name="test_sort_exists_true" time="0.016"></testcase><testcase classname="02-basic-find-test.BasicFindTests" name="test_sort_with_all_docs" time="0.005"></testcase><testcase classname="02-basic-find-test.BasicFindTests" name="test_sort_with_primary_sort_not_in_selector" time="0.004"></testcase><testcase classname="02-basic-find-test.BasicFindTests" name="test_unsatisfiable_range" time="0.004"></testcase><testcase classname="03-operator-test.OperatorAllDocsTests" name="test_all" time="0.018"></testcase><testcase classname="03-operator-test.OperatorAllDocsTests" name="test_all_match" time="0.069"></testcase><testcase classname="03-operator-test.OperatorAllDocsTests" name="test_all_non_array" time="0.011"></testcase><testcase classname="03-operator-test.OperatorAllDocsTests" name="test_elem_match" time="0.055"></testcase><testcase classname="03-operator-test.OperatorAllDocsTests" name="test_empty_all_match" time="0.051"></testcase><testcase classname="03-operator-test.OperatorAllDocsTests" name="test_eq_null_does_not_include_missing" time="0.019"></testcase><testcase classname="03-operator-test.OperatorAllDocsTests" name="test_exists_false" time="0.010"></testcase><testcase classname="03-operator-test.OperatorAllDocsTests" name="test_exists_false_returns_missing_but_not_null" time="0.018"></testcase><testcase classname="03-operator-test.OperatorAllDocsTests" name="test_gte_respsects_unicode_collation" time="0.011"></testcase><testcase classname="03-operator-test.OperatorAllDocsTests" name="test_in_operator_array" time="0.011"></testcase><testcase classname="03-operator-test.OperatorAllDocsTests" name="test_lt_includes_null_but_not_missing" time="0.012"></testcase><testcase classname="03-operator-test.OperatorAllDocsTests" name="test_lte_at_z_except_null_excludes_null_and_missing" time="0.014"></testcase><testcase classname="03-operator-test.OperatorAllDocsTests" name="test_lte_includes_null_but_not_missing" time="0.016"></testcase><testcase classname="03-operator-test.OperatorAllDocsTests" name="test_lte_null_includes_null_but_not_missing" time="0.022"></testcase><testcase classname="03-operator-test.OperatorAllDocsTests" name="test_lte_respsects_unicode_collation" time="0.011"></testcase><testcase classname="03-operator-test.OperatorAllDocsTests" name="test_ne_includes_null_but_not_missing" time="0.013"></testcase><testcase classname="03-operator-test.OperatorAllDocsTests" name="test_nin_operator_array" time="0.014"></testcase><testcase classname="03-operator-test.OperatorAllDocsTests" name="test_range_gte_null_includes_null_but_not_missing" time="0.014"></testcase><testcase classname="03-operator-test.OperatorAllDocsTests" name="test_range_id_eq" time="0.010"></testcase><testcase classname="03-operator-test.OperatorAllDocsTests" name="test_regex" time="0.015"></testcase><testcase classname="03-operator-test.OperatorJSONTests" name="test_all" time="0.066"></testcase><testcase classname="03-operator-test.OperatorJSONTests" name="test_all_match" time="0.085"></testcase><testcase classname="03-operator-test.OperatorJSONTests" name="test_all_non_array" time="0.012"></testcase><testcase classname="03-operator-test.OperatorJSONTests" name="test_elem_match" time="0.058"></testcase><testcase classname="03-operator-test.OperatorJSONTests" name="test_empty_all_match" time="0.067"></testcase><testcase classname="03-operator-test.OperatorJSONTests" name="test_eq_null_does_not_include_missing" time="0.083"></testcase><testcase classname="03-operator-test.OperatorJSONTests" name="test_exists_false" time="0.024"></testcase><testcase classname="03-operator-test.OperatorJSONTests" name="test_exists_false_returns_missing_but_not_null" time="0.016"></testcase><testcase classname="03-operator-test.OperatorJSONTests" name="test_gte_respsects_unicode_collation" time="0.068"></testcase><testcase classname="03-operator-test.OperatorJSONTests" name="test_in_operator_array" time="0.019"></testcase><testcase classname="03-operator-test.OperatorJSONTests" name="test_lt_includes_null_but_not_missing" time="0.072"></testcase><testcase classname="03-operator-test.OperatorJSONTests" name="test_lte_at_z_except_null_excludes_null_and_missing" time="0.013"></testcase><testcase classname="03-operator-test.OperatorJSONTests" name="test_lte_includes_null_but_not_missing" time="0.009"></testcase><testcase classname="03-operator-test.OperatorJSONTests" name="test_lte_null_includes_null_but_not_missing" time="0.007"></testcase><testcase classname="03-operator-test.OperatorJSONTests" name="test_lte_respsects_unicode_collation" time="0.021"></testcase><testcase classname="03-operator-test.OperatorJSONTests" name="test_ne_includes_null_but_not_missing" time="0.009"></testcase><testcase classname="03-operator-test.OperatorJSONTests" name="test_nin_operator_array" time="0.015"></testcase><testcase classname="03-operator-test.OperatorJSONTests" name="test_range_gte_null_includes_null_but_not_missing" time="0.011"></testcase><testcase classname="03-operator-test.OperatorJSONTests" name="test_regex" time="0.018"></testcase><testcase classname="03-operator-test.OperatorTextTests" name="test_all" time="0.000"><skipped type="unittest.case.SkipTest" message="requires text service"><![CDATA[Exception: requires text service
]]></skipped></testcase><testcase classname="03-operator-test.OperatorTextTests" name="test_all_match" time="0.000"><skipped type="unittest.case.SkipTest" message="requires text service"><![CDATA[Exception: requires text service
]]></skipped></testcase><testcase classname="03-operator-test.OperatorTextTests" name="test_all_non_array" time="0.000"><skipped type="unittest.case.SkipTest" message="requires text service"><![CDATA[Exception: requires text service
]]></skipped></testcase><testcase classname="03-operator-test.OperatorTextTests" name="test_elem_match" time="0.000"><skipped type="unittest.case.SkipTest" message="requires text service"><![CDATA[Exception: requires text service
]]></skipped></testcase><testcase classname="03-operator-test.OperatorTextTests" name="test_empty_all_match" time="0.000"><skipped type="unittest.case.SkipTest" message="requires text service"><![CDATA[Exception: requires text service
]]></skipped></testcase><testcase classname="03-operator-test.OperatorTextTests" name="test_eq_null_does_not_include_missing" time="0.000"><skipped type="unittest.case.SkipTest" message="requires text service"><![CDATA[Exception: requires text service
]]></skipped></testcase><testcase classname="03-operator-test.OperatorTextTests" name="test_exists_false" time="0.000"><skipped type="unittest.case.SkipTest" message="requires text service"><![CDATA[Exception: requires text service
]]></skipped></testcase><testcase classname="03-operator-test.OperatorTextTests" name="test_exists_false_returns_missing_but_not_null" time="0.000"><skipped type="unittest.case.SkipTest" message="requires text service"><![CDATA[Exception: requires text service
]]></skipped></testcase><testcase classname="03-operator-test.OperatorTextTests" name="test_gte_respsects_unicode_collation" time="0.000"><skipped type="unittest.case.SkipTest" message="requires text service"><![CDATA[Exception: requires text service
]]></skipped></testcase><testcase classname="03-operator-test.OperatorTextTests" name="test_in_operator_array" time="0.000"><skipped type="unittest.case.SkipTest" message="requires text service"><![CDATA[Exception: requires text service
]]></skipped></testcase><testcase classname="03-operator-test.OperatorTextTests" name="test_lt_includes_null_but_not_missing" time="0.000"><skipped type="unittest.case.SkipTest" message="requires text service"><![CDATA[Exception: requires text service
]]></skipped></testcase><testcase classname="03-operator-test.OperatorTextTests" name="test_lte_at_z_except_null_excludes_null_and_missing" time="0.000"><skipped type="unittest.case.SkipTest" message="requires text service"><![CDATA[Exception: requires text service
]]></skipped></testcase><testcase classname="03-operator-test.OperatorTextTests" name="test_lte_includes_null_but_not_missing" time="0.000"><skipped type="unittest.case.SkipTest" message="requires text service"><![CDATA[Exception: requires text service
]]></skipped></testcase><testcase classname="03-operator-test.OperatorTextTests" name="test_lte_null_includes_null_but_not_missing" time="0.000"><skipped type="unittest.case.SkipTest" message="requires text service"><![CDATA[Exception: requires text service
]]></skipped></testcase><testcase classname="03-operator-test.OperatorTextTests" name="test_lte_respsects_unicode_collation" time="0.000"><skipped type="unittest.case.SkipTest" message="requires text service"><![CDATA[Exception: requires text service
]]></skipped></testcase><testcase classname="03-operator-test.OperatorTextTests" name="test_ne_includes_null_but_not_missing" time="0.000"><skipped type="unittest.case.SkipTest" message="requires text service"><![CDATA[Exception: requires text service
]]></skipped></testcase><testcase classname="03-operator-test.OperatorTextTests" name="test_nin_operator_array" time="0.000"><skipped type="unittest.case.SkipTest" message="requires text service"><![CDATA[Exception: requires text service
]]></skipped></testcase><testcase classname="03-operator-test.OperatorTextTests" name="test_range_gte_null_includes_null_but_not_missing" time="0.000"><skipped type="unittest.case.SkipTest" message="requires text service"><![CDATA[Exception: requires text service
]]></skipped></testcase><testcase classname="03-operator-test.OperatorTextTests" name="test_regex" time="0.000"><skipped type="unittest.case.SkipTest" message="requires text service"><![CDATA[Exception: requires text service
]]></skipped></testcase><testcase classname="04-key-tests.KeyTests" name="test_dot_key" time="0.000"><skipped type="unittest.case.SkipTest" message="requires text service"><![CDATA[Exception: requires text service
]]></skipped></testcase><testcase classname="04-key-tests.KeyTests" name="test_escape_period" time="0.000"><skipped type="unittest.case.SkipTest" message="requires text service"><![CDATA[Exception: requires text service
]]></skipped></testcase><testcase classname="04-key-tests.KeyTests" name="test_internal_field_tests" time="0.000"><skipped type="unittest.case.SkipTest" message="requires text service"><![CDATA[Exception: requires text service
]]></skipped></testcase><testcase classname="04-key-tests.KeyTests" name="test_object_period" time="0.000"><skipped type="unittest.case.SkipTest" message="requires text service"><![CDATA[Exception: requires text service
]]></skipped></testcase><testcase classname="04-key-tests.KeyTests" name="test_peso_key" time="0.000"><skipped type="unittest.case.SkipTest" message="requires text service"><![CDATA[Exception: requires text service
]]></skipped></testcase><testcase classname="04-key-tests.KeyTests" name="test_unicode_in_fieldname" time="0.000"><skipped type="unittest.case.SkipTest" message="requires text service"><![CDATA[Exception: requires text service
]]></skipped></testcase><testcase classname="04-key-tests.KeyTests" name="test_unicode_in_selector_field" time="0.000"><skipped type="unittest.case.SkipTest" message="requires text service"><![CDATA[Exception: requires text service
]]></skipped></testcase><testcase classname="05-index-selection-test.JSONIndexSelectionTests" name="test_basic" time="0.004"></testcase><testcase classname="05-index-selection-test.JSONIndexSelectionTests" name="test_explain_sort_reverse" time="0.003"></testcase><testcase classname="05-index-selection-test.JSONIndexSelectionTests" name="test_invalid_use_index" time="0.018"></testcase><testcase classname="05-index-selection-test.JSONIndexSelectionTests" name="test_manual_bad_view_idx01" time="0.039"></testcase><testcase classname="05-index-selection-test.JSONIndexSelectionTests" name="test_no_valid_sort_index" time="0.006"></testcase><testcase classname="05-index-selection-test.JSONIndexSelectionTests" name="test_prefer_use_index_over_optimal_index" time="0.251"></testcase><testcase classname="05-index-selection-test.JSONIndexSelectionTests" name="test_reject_use_index_ddoc_and_name_invalid_fields" time="0.012"></testcase><testcase classname="05-index-selection-test.JSONIndexSelectionTests" name="test_reject_use_index_invalid_fields" time="0.014"></testcase><testcase classname="05-index-selection-test.JSONIndexSelectionTests" name="test_reject_use_index_sort_order" time="0.004"></testcase><testcase classname="05-index-selection-test.JSONIndexSelectionTests" name="test_use_index_fallback_if_valid_sort" time="0.263"></testcase><testcase classname="05-index-selection-test.JSONIndexSelectionTests" name="test_use_most_columns" time="0.013"></testcase><testcase classname="05-index-selection-test.JSONIndexSelectionTests" name="test_uses_all_docs_when_fields_do_not_match_selector" time="0.031"></testcase><testcase classname="05-index-selection-test.JSONIndexSelectionTests" name="test_uses_all_docs_when_selector_doesnt_require_fields_to_exist" time="0.028"></testcase><testcase classname="05-index-selection-test.JSONIndexSelectionTests" name="test_uses_index_when_no_range_or_equals" time="0.099"></testcase><testcase classname="05-index-selection-test.JSONIndexSelectionTests" name="test_with_and" time="0.004"></testcase><testcase classname="05-index-selection-test.JSONIndexSelectionTests" name="test_with_nested_and" time="0.005"></testcase><testcase classname="05-index-selection-test.JSONIndexSelectionTests" name="test_with_or" time="0.005"></testcase><testcase classname="05-index-selection-test.MultiTextIndexSelectionTests" name="test_fallback_to_json_with_multi_text" time="0.000"><skipped type="unittest.case.SkipTest" message="requires text service"><![CDATA[Exception: requires text service
]]></skipped></testcase><testcase classname="05-index-selection-test.MultiTextIndexSelectionTests" name="test_multi_text_index_is_error" time="0.000"><skipped type="unittest.case.SkipTest" message="requires text service"><![CDATA[Exception: requires text service
]]></skipped></testcase><testcase classname="05-index-selection-test.MultiTextIndexSelectionTests" name="test_use_index_works" time="0.000"><skipped type="unittest.case.SkipTest" message="requires text service"><![CDATA[Exception: requires text service
]]></skipped></testcase><testcase classname="05-index-selection-test.TextIndexSelectionTests" name="test_manual_bad_text_idx" time="0.000"><skipped type="unittest.case.SkipTest" message="requires text service"><![CDATA[Exception: requires text service
]]></skipped></testcase><testcase classname="05-index-selection-test.TextIndexSelectionTests" name="test_no_view_index" time="0.000"><skipped type="unittest.case.SkipTest" message="requires text service"><![CDATA[Exception: requires text service
]]></skipped></testcase><testcase classname="05-index-selection-test.TextIndexSelectionTests" name="test_with_or" time="0.000"><skipped type="unittest.case.SkipTest" message="requires text service"><![CDATA[Exception: requires text service
]]></skipped></testcase><testcase classname="05-index-selection-test.TextIndexSelectionTests" name="test_with_text" time="0.000"><skipped type="unittest.case.SkipTest" message="requires text service"><![CDATA[Exception: requires text service
]]></skipped></testcase><testcase classname="06-basic-text-test.AllMatchTests" name="test_all_match" time="0.000"><skipped type="unittest.case.SkipTest" message="requires text service"><![CDATA[Exception: requires text service
]]></skipped></testcase><testcase classname="06-basic-text-test.BasicTextTests" name="test_all" time="0.000"><skipped type="unittest.case.SkipTest" message="requires text service"><![CDATA[Exception: requires text service
]]></skipped></testcase><testcase classname="06-basic-text-test.BasicTextTests" name="test_and" time="0.000"><skipped type="unittest.case.SkipTest" message="requires text service"><![CDATA[Exception: requires text service
]]></skipped></testcase><testcase classname="06-basic-text-test.BasicTextTests" name="test_and_or" time="0.000"><skipped type="unittest.case.SkipTest" message="requires text service"><![CDATA[Exception: requires text service
]]></skipped></testcase><testcase classname="06-basic-text-test.BasicTextTests" name="test_array_ref" time="0.000"><skipped type="unittest.case.SkipTest" message="requires text service"><![CDATA[Exception: requires text service
]]></skipped></testcase><testcase classname="06-basic-text-test.BasicTextTests" name="test_eq" time="0.000"><skipped type="unittest.case.SkipTest" message="requires text service"><![CDATA[Exception: requires text service
]]></skipped></testcase><testcase classname="06-basic-text-test.BasicTextTests" name="test_exists_and" time="0.000"><skipped type="unittest.case.SkipTest" message="requires text service"><![CDATA[Exception: requires text service
]]></skipped></testcase><testcase classname="06-basic-text-test.BasicTextTests" name="test_exists_array" time="0.000"><skipped type="unittest.case.SkipTest" message="requires text service"><![CDATA[Exception: requires text service
]]></skipped></testcase><testcase classname="06-basic-text-test.BasicTextTests" name="test_exists_field" time="0.000"><skipped type="unittest.case.SkipTest" message="requires text service"><![CDATA[Exception: requires text service
]]></skipped></testcase><testcase classname="06-basic-text-test.BasicTextTests" name="test_exists_object" time="0.000"><skipped type="unittest.case.SkipTest" message="requires text service"><![CDATA[Exception: requires text service
]]></skipped></testcase><testcase classname="06-basic-text-test.BasicTextTests" name="test_exists_object_member" time="0.000"><skipped type="unittest.case.SkipTest" message="requires text service"><![CDATA[Exception: requires text service
]]></skipped></testcase><testcase classname="06-basic-text-test.BasicTextTests" name="test_gt" time="0.000"><skipped type="unittest.case.SkipTest" message="requires text service"><![CDATA[Exception: requires text service
]]></skipped></testcase><testcase classname="06-basic-text-test.BasicTextTests" name="test_gte" time="0.000"><skipped type="unittest.case.SkipTest" message="requires text service"><![CDATA[Exception: requires text service
]]></skipped></testcase><testcase classname="06-basic-text-test.BasicTextTests" name="test_in_with_array" time="0.000"><skipped type="unittest.case.SkipTest" message="requires text service"><![CDATA[Exception: requires text service
]]></skipped></testcase><testcase classname="06-basic-text-test.BasicTextTests" name="test_in_with_value" time="0.000"><skipped type="unittest.case.SkipTest" message="requires text service"><![CDATA[Exception: requires text service
]]></skipped></testcase><testcase classname="06-basic-text-test.BasicTextTests" name="test_lt" time="0.000"><skipped type="unittest.case.SkipTest" message="requires text service"><![CDATA[Exception: requires text service
]]></skipped></testcase><testcase classname="06-basic-text-test.BasicTextTests" name="test_lte" time="0.000"><skipped type="unittest.case.SkipTest" message="requires text service"><![CDATA[Exception: requires text service
]]></skipped></testcase><testcase classname="06-basic-text-test.BasicTextTests" name="test_ne" time="0.000"><skipped type="unittest.case.SkipTest" message="requires text service"><![CDATA[Exception: requires text service
]]></skipped></testcase><testcase classname="06-basic-text-test.BasicTextTests" name="test_nin_with_array" time="0.000"><skipped type="unittest.case.SkipTest" message="requires text service"><![CDATA[Exception: requires text service
]]></skipped></testcase><testcase classname="06-basic-text-test.BasicTextTests" name="test_nin_with_value" time="0.000"><skipped type="unittest.case.SkipTest" message="requires text service"><![CDATA[Exception: requires text service
]]></skipped></testcase><testcase classname="06-basic-text-test.BasicTextTests" name="test_nor" time="0.000"><skipped type="unittest.case.SkipTest" message="requires text service"><![CDATA[Exception: requires text service
]]></skipped></testcase><testcase classname="06-basic-text-test.BasicTextTests" name="test_number_ref" time="0.000"><skipped type="unittest.case.SkipTest" message="requires text service"><![CDATA[Exception: requires text service
]]></skipped></testcase><testcase classname="06-basic-text-test.BasicTextTests" name="test_or" time="0.000"><skipped type="unittest.case.SkipTest" message="requires text service"><![CDATA[Exception: requires text service
]]></skipped></testcase><testcase classname="06-basic-text-test.BasicTextTests" name="test_regex" time="0.000"><skipped type="unittest.case.SkipTest" message="requires text service"><![CDATA[Exception: requires text service
]]></skipped></testcase><testcase classname="06-basic-text-test.BasicTextTests" name="test_simple" time="0.000"><skipped type="unittest.case.SkipTest" message="requires text service"><![CDATA[Exception: requires text service
]]></skipped></testcase><testcase classname="06-basic-text-test.BasicTextTests" name="test_value_chars" time="0.000"><skipped type="unittest.case.SkipTest" message="requires text service"><![CDATA[Exception: requires text service
]]></skipped></testcase><testcase classname="06-basic-text-test.BasicTextTests" name="test_with_array" time="0.000"><skipped type="unittest.case.SkipTest" message="requires text service"><![CDATA[Exception: requires text service
]]></skipped></testcase><testcase classname="06-basic-text-test.BasicTextTests" name="test_with_boolean" time="0.000"><skipped type="unittest.case.SkipTest" message="requires text service"><![CDATA[Exception: requires text service
]]></skipped></testcase><testcase classname="06-basic-text-test.BasicTextTests" name="test_with_integer" time="0.000"><skipped type="unittest.case.SkipTest" message="requires text service"><![CDATA[Exception: requires text service
]]></skipped></testcase><testcase classname="06-basic-text-test.ElemMatchTests" name="test_elem_match" time="0.000"><skipped type="unittest.case.SkipTest" message="requires text service"><![CDATA[Exception: requires text service
]]></skipped></testcase><testcase classname="06-basic-text-test.ElemMatchTests" name="test_elem_match_non_object" time="0.000"><skipped type="unittest.case.SkipTest" message="requires text service"><![CDATA[Exception: requires text service
]]></skipped></testcase><testcase classname="06-basic-text-test.NumStringTests" name="test_floating_point_val" time="0.000"><skipped type="unittest.case.SkipTest" message="requires text service"><![CDATA[Exception: requires text service
]]></skipped></testcase><testcase classname="06-basic-text-test.TextIndexCheckTests" name="test_create_text_index" time="0.008"></testcase><testcase classname="06-text-default-field-test.DefaultFieldWithCustomAnalyzer" name="test_basic" time="0.000"><skipped type="unittest.case.SkipTest" message="requires text service"><![CDATA[Exception: requires text service
]]></skipped></testcase><testcase classname="06-text-default-field-test.DefaultFieldWithCustomAnalyzer" name="test_not_analyzed" time="0.000"><skipped type="unittest.case.SkipTest" message="requires text service"><![CDATA[Exception: requires text service
]]></skipped></testcase><testcase classname="06-text-default-field-test.NoDefaultFieldTest" name="test_basic" time="0.000"><skipped type="unittest.case.SkipTest" message="requires text service"><![CDATA[Exception: requires text service
]]></skipped></testcase><testcase classname="06-text-default-field-test.NoDefaultFieldTest" name="test_other_fields_exist" time="0.000"><skipped type="unittest.case.SkipTest" message="requires text service"><![CDATA[Exception: requires text service
]]></skipped></testcase><testcase classname="06-text-default-field-test.NoDefaultFieldWithAnalyzer" name="test_basic" time="0.000"><skipped type="unittest.case.SkipTest" message="requires text service"><![CDATA[Exception: requires text service
]]></skipped></testcase><testcase classname="06-text-default-field-test.NoDefaultFieldWithAnalyzer" name="test_other_fields_exist" time="0.000"><skipped type="unittest.case.SkipTest" message="requires text service"><![CDATA[Exception: requires text service
]]></skipped></testcase><testcase classname="07-text-custom-field-list-test.CustomFieldsExistsTest" name="test_exists_array" time="0.000"><skipped type="unittest.case.SkipTest" message="requires text service"><![CDATA[Exception: requires text service
]]></skipped></testcase><testcase classname="07-text-custom-field-list-test.CustomFieldsExistsTest" name="test_exists_false_same_as_views" time="0.000"><skipped type="unittest.case.SkipTest" message="requires text service"><![CDATA[Exception: requires text service
]]></skipped></testcase><testcase classname="07-text-custom-field-list-test.CustomFieldsExistsTest" name="test_exists_field" time="0.000"><skipped type="unittest.case.SkipTest" message="requires text service"><![CDATA[Exception: requires text service
]]></skipped></testcase><testcase classname="07-text-custom-field-list-test.CustomFieldsExistsTest" name="test_exists_object_member" time="0.000"><skipped type="unittest.case.SkipTest" message="requires text service"><![CDATA[Exception: requires text service
]]></skipped></testcase><testcase classname="07-text-custom-field-list-test.CustomFieldsTest" name="test_all_match" time="0.000"><skipped type="unittest.case.SkipTest" message="requires text service"><![CDATA[Exception: requires text service
]]></skipped></testcase><testcase classname="07-text-custom-field-list-test.CustomFieldsTest" name="test_basic" time="0.000"><skipped type="unittest.case.SkipTest" message="requires text service"><![CDATA[Exception: requires text service
]]></skipped></testcase><testcase classname="07-text-custom-field-list-test.CustomFieldsTest" name="test_element_acess" time="0.000"><skipped type="unittest.case.SkipTest" message="requires text service"><![CDATA[Exception: requires text service
]]></skipped></testcase><testcase classname="07-text-custom-field-list-test.CustomFieldsTest" name="test_escaped_field" time="0.000"><skipped type="unittest.case.SkipTest" message="requires text service"><![CDATA[Exception: requires text service
]]></skipped></testcase><testcase classname="07-text-custom-field-list-test.CustomFieldsTest" name="test_field_analyzer_is_keyword" time="0.000"><skipped type="unittest.case.SkipTest" message="requires text service"><![CDATA[Exception: requires text service
]]></skipped></testcase><testcase classname="07-text-custom-field-list-test.CustomFieldsTest" name="test_filtered_search_fields" time="0.000"><skipped type="unittest.case.SkipTest" message="requires text service"><![CDATA[Exception: requires text service
]]></skipped></testcase><testcase classname="07-text-custom-field-list-test.CustomFieldsTest" name="test_in_different_types" time="0.000"><skipped type="unittest.case.SkipTest" message="requires text service"><![CDATA[Exception: requires text service
]]></skipped></testcase><testcase classname="07-text-custom-field-list-test.CustomFieldsTest" name="test_in_with_array" time="0.000"><skipped type="unittest.case.SkipTest" message="requires text service"><![CDATA[Exception: requires text service
]]></skipped></testcase><testcase classname="07-text-custom-field-list-test.CustomFieldsTest" name="test_in_with_array_not_explicit" time="0.000"><skipped type="unittest.case.SkipTest" message="requires text service"><![CDATA[Exception: requires text service
]]></skipped></testcase><testcase classname="07-text-custom-field-list-test.CustomFieldsTest" name="test_index_selection" time="0.000"><skipped type="unittest.case.SkipTest" message="requires text service"><![CDATA[Exception: requires text service
]]></skipped></testcase><testcase classname="07-text-custom-field-list-test.CustomFieldsTest" name="test_missing" time="0.000"><skipped type="unittest.case.SkipTest" message="requires text service"><![CDATA[Exception: requires text service
]]></skipped></testcase><testcase classname="07-text-custom-field-list-test.CustomFieldsTest" name="test_missing_type" time="0.000"><skipped type="unittest.case.SkipTest" message="requires text service"><![CDATA[Exception: requires text service
]]></skipped></testcase><testcase classname="07-text-custom-field-list-test.CustomFieldsTest" name="test_multi_field" time="0.000"><skipped type="unittest.case.SkipTest" message="requires text service"><![CDATA[Exception: requires text service
]]></skipped></testcase><testcase classname="07-text-custom-field-list-test.CustomFieldsTest" name="test_nin_with_array" time="0.000"><skipped type="unittest.case.SkipTest" message="requires text service"><![CDATA[Exception: requires text service
]]></skipped></testcase><testcase classname="07-text-custom-field-list-test.CustomFieldsTest" name="test_two_or" time="0.000"><skipped type="unittest.case.SkipTest" message="requires text service"><![CDATA[Exception: requires text service
]]></skipped></testcase><testcase classname="08-text-limit-test.LimitTests" name="test_limit_bookmark" time="0.000"><skipped type="unittest.case.SkipTest" message="requires text service"><![CDATA[Exception: requires text service
]]></skipped></testcase><testcase classname="08-text-limit-test.LimitTests" name="test_limit_field" time="0.000"><skipped type="unittest.case.SkipTest" message="requires text service"><![CDATA[Exception: requires text service
]]></skipped></testcase><testcase classname="08-text-limit-test.LimitTests" name="test_limit_field2" time="0.000"><skipped type="unittest.case.SkipTest" message="requires text service"><![CDATA[Exception: requires text service
]]></skipped></testcase><testcase classname="08-text-limit-test.LimitTests" name="test_limit_field3" time="0.000"><skipped type="unittest.case.SkipTest" message="requires text service"><![CDATA[Exception: requires text service
]]></skipped></testcase><testcase classname="08-text-limit-test.LimitTests" name="test_limit_field4" time="0.000"><skipped type="unittest.case.SkipTest" message="requires text service"><![CDATA[Exception: requires text service
]]></skipped></testcase><testcase classname="08-text-limit-test.LimitTests" name="test_limit_field5" time="0.000"><skipped type="unittest.case.SkipTest" message="requires text service"><![CDATA[Exception: requires text service
]]></skipped></testcase><testcase classname="08-text-limit-test.LimitTests" name="test_limit_skip_field1" time="0.000"><skipped type="unittest.case.SkipTest" message="requires text service"><![CDATA[Exception: requires text service
]]></skipped></testcase><testcase classname="08-text-limit-test.LimitTests" name="test_limit_skip_field2" time="0.000"><skipped type="unittest.case.SkipTest" message="requires text service"><![CDATA[Exception: requires text service
]]></skipped></testcase><testcase classname="08-text-limit-test.LimitTests" name="test_limit_skip_field3" time="0.000"><skipped type="unittest.case.SkipTest" message="requires text service"><![CDATA[Exception: requires text service
]]></skipped></testcase><testcase classname="08-text-limit-test.LimitTests" name="test_limit_skip_field4" time="0.000"><skipped type="unittest.case.SkipTest" message="requires text service"><![CDATA[Exception: requires text service
]]></skipped></testcase><testcase classname="08-text-limit-test.LimitTests" name="test_limit_skip_field5" time="0.000"><skipped type="unittest.case.SkipTest" message="requires text service"><![CDATA[Exception: requires text service
]]></skipped></testcase><testcase classname="08-text-limit-test.LimitTests" name="test_limit_skip_field6" time="0.000"><skipped type="unittest.case.SkipTest" message="requires text service"><![CDATA[Exception: requires text service
]]></skipped></testcase><testcase classname="09-text-sort-test.SortTests" name="test_ambiguous_type_sort" time="0.000"><skipped type="unittest.case.SkipTest" message="requires text service"><![CDATA[Exception: requires text service
]]></skipped></testcase><testcase classname="09-text-sort-test.SortTests" name="test_array_sort" time="0.000"><skipped type="unittest.case.SkipTest" message="requires text service"><![CDATA[Exception: requires text service
]]></skipped></testcase><testcase classname="09-text-sort-test.SortTests" name="test_guess_dup_type_sort" time="0.000"><skipped type="unittest.case.SkipTest" message="requires text service"><![CDATA[Exception: requires text service
]]></skipped></testcase><testcase classname="09-text-sort-test.SortTests" name="test_guess_mix_sort" time="0.000"><skipped type="unittest.case.SkipTest" message="requires text service"><![CDATA[Exception: requires text service
]]></skipped></testcase><testcase classname="09-text-sort-test.SortTests" name="test_guess_multi_sort" time="0.000"><skipped type="unittest.case.SkipTest" message="requires text service"><![CDATA[Exception: requires text service
]]></skipped></testcase><testcase classname="09-text-sort-test.SortTests" name="test_guess_type_sort" time="0.000"><skipped type="unittest.case.SkipTest" message="requires text service"><![CDATA[Exception: requires text service
]]></skipped></testcase><testcase classname="09-text-sort-test.SortTests" name="test_multi_sort" time="0.000"><skipped type="unittest.case.SkipTest" message="requires text service"><![CDATA[Exception: requires text service
]]></skipped></testcase><testcase classname="09-text-sort-test.SortTests" name="test_notype_sort" time="0.000"><skipped type="unittest.case.SkipTest" message="requires text service"><![CDATA[Exception: requires text service
]]></skipped></testcase><testcase classname="09-text-sort-test.SortTests" name="test_number_sort" time="0.000"><skipped type="unittest.case.SkipTest" message="requires text service"><![CDATA[Exception: requires text service
]]></skipped></testcase><testcase classname="09-text-sort-test.SortTests" name="test_number_sort_desc" time="0.000"><skipped type="unittest.case.SkipTest" message="requires text service"><![CDATA[Exception: requires text service
]]></skipped></testcase><testcase classname="09-text-sort-test.SortTests" name="test_string_sort" time="0.000"><skipped type="unittest.case.SkipTest" message="requires text service"><![CDATA[Exception: requires text service
]]></skipped></testcase><testcase classname="10-disable-array-length-field-test.DisableIndexArrayLengthsTest" name="test_disable_index_array_length" time="0.000"><skipped type="unittest.case.SkipTest" message="requires text service"><![CDATA[Exception: requires text service
]]></skipped></testcase><testcase classname="10-disable-array-length-field-test.DisableIndexArrayLengthsTest" name="test_enable_index_array_length" time="0.000"><skipped type="unittest.case.SkipTest" message="requires text service"><![CDATA[Exception: requires text service
]]></skipped></testcase><testcase classname="11-ignore-design-docs-test.IgnoreDesignDocsForAllDocsIndexTests" name="test_should_not_return_design_docs" time="0.058"></testcase><testcase classname="12-use-correct-index-test.ChooseCorrectIndexForDocs" name="test_can_query_with_range_on_secondary_column" time="0.205"></testcase><testcase classname="12-use-correct-index-test.ChooseCorrectIndexForDocs" name="test_choose_index_alphabetically" time="0.396"></testcase><testcase classname="12-use-correct-index-test.ChooseCorrectIndexForDocs" name="test_choose_index_most_accurate" time="0.413"></testcase><testcase classname="12-use-correct-index-test.ChooseCorrectIndexForDocs" name="test_choose_index_most_accurate_in_memory_selector" time="0.392"></testcase><testcase classname="12-use-correct-index-test.ChooseCorrectIndexForDocs" name="test_choose_index_with_id" time="0.253"></testcase><testcase classname="12-use-correct-index-test.ChooseCorrectIndexForDocs" name="test_choose_index_with_one_field_in_index" time="0.366"></testcase><testcase classname="12-use-correct-index-test.ChooseCorrectIndexForDocs" name="test_choose_index_with_rev" time="0.282"></testcase><testcase classname="12-use-correct-index-test.ChooseCorrectIndexForDocs" name="test_choose_index_with_two" time="0.490"></testcase><testcase classname="12-use-correct-index-test.ChooseCorrectIndexForDocs" name="test_chooses_idxA" time="0.358"></testcase><testcase classname="12-use-correct-index-test.ChooseCorrectIndexForDocs" name="test_warn_on_full_db_scan" time="0.197"></testcase><testcase classname="13-stable-update-test.SupportStableAndUpdate" name="test_update_updates_view_when_specified" time="0.237"></testcase><testcase classname="13-users-db-find-test.UsersDbFindTests" name="test_empty" time="0.015"></testcase><testcase classname="13-users-db-find-test.UsersDbFindTests" name="test_fields" time="0.010"></testcase><testcase classname="13-users-db-find-test.UsersDbFindTests" name="test_multi_cond_and" time="0.104"></testcase><testcase classname="13-users-db-find-test.UsersDbFindTests" name="test_multi_cond_or" time="0.012"></testcase><testcase classname="13-users-db-find-test.UsersDbFindTests" name="test_simple_find" time="0.012"></testcase><testcase classname="13-users-db-find-test.UsersDbFindTests" name="test_sort" time="0.112"></testcase><testcase classname="13-users-db-find-test.UsersDbIndexFindTests" name="test_empty" time="0.068"></testcase><testcase classname="13-users-db-find-test.UsersDbIndexFindTests" name="test_fields" time="0.067"></testcase><testcase classname="13-users-db-find-test.UsersDbIndexFindTests" name="test_multi_cond_and" time="0.137"></testcase><testcase classname="13-users-db-find-test.UsersDbIndexFindTests" name="test_multi_cond_or" time="0.124"></testcase><testcase classname="13-users-db-find-test.UsersDbIndexFindTests" name="test_simple_find" time="0.019"></testcase><testcase classname="13-users-db-find-test.UsersDbIndexFindTests" name="test_sort" time="0.140"></testcase><testcase classname="14-json-pagination-test.PaginateJsonDocs" name="test_all_docs_paginate_to_end" time="0.072"></testcase><testcase classname="14-json-pagination-test.PaginateJsonDocs" name="test_all_docs_reverse" time="0.233"></testcase><testcase classname="14-json-pagination-test.PaginateJsonDocs" name="test_all_docs_with_skip" time="0.244"></testcase><testcase classname="14-json-pagination-test.PaginateJsonDocs" name="test_bad_bookmark" time="0.220"></testcase><testcase classname="14-json-pagination-test.PaginateJsonDocs" name="test_index_pagination" time="0.343"></testcase><testcase classname="14-json-pagination-test.PaginateJsonDocs" name="test_index_pagination_reverse" time="0.336"></testcase><testcase classname="14-json-pagination-test.PaginateJsonDocs" name="test_index_pagination_same_emitted_key" time="0.338"></testcase><testcase classname="14-json-pagination-test.PaginateJsonDocs" name="test_index_pagination_two_keys" time="0.349"></testcase><testcase classname="14-json-pagination-test.PaginateJsonDocs" name="test_return_previous_bookmark_for_empty" time="0.240"></testcase><testcase classname="14-json-pagination-test.PaginateJsonDocs" name="test_throws_error_on_text_bookmark" time="0.247"></testcase><testcase classname="15-execution-stats-test.ExecutionStatsTests" name="test_no_execution_stats" time="0.050"></testcase><testcase classname="15-execution-stats-test.ExecutionStatsTests" name="test_quorum_json_index" time="0.019"></testcase><testcase classname="15-execution-stats-test.ExecutionStatsTests" name="test_results_returned_limit" time="0.011"></testcase><testcase classname="15-execution-stats-test.ExecutionStatsTests" name="test_simple_json_index" time="0.007"></testcase><testcase classname="15-execution-stats-test.ExecutionStatsTests_Text" name="test_no_execution_stats" time="0.000"><skipped type="unittest.case.SkipTest" message="requires text service"><![CDATA[Exception: requires text service
]]></skipped></testcase><testcase classname="15-execution-stats-test.ExecutionStatsTests_Text" name="test_simple_text_index" time="0.000"><skipped type="unittest.case.SkipTest" message="requires text service"><![CDATA[Exception: requires text service
]]></skipped></testcase><testcase classname="16-index-selectors-test.IndexSelectorJson" name="test_doesnot_use_selector_when_not_specified" time="0.120"></testcase><testcase classname="16-index-selectors-test.IndexSelectorJson" name="test_doesnot_use_selector_when_not_specified_with_index" time="0.372"></testcase><testcase classname="16-index-selectors-test.IndexSelectorJson" name="test_old_selector_still_supported" time="0.366"></testcase><testcase classname="16-index-selectors-test.IndexSelectorJson" name="test_old_selector_with_no_selector_still_supported" time="0.281"></testcase><testcase classname="16-index-selectors-test.IndexSelectorJson" name="test_partial_filter_only_in_return_if_not_default" time="0.264"></testcase><testcase classname="16-index-selectors-test.IndexSelectorJson" name="test_saves_partial_filter_selector_in_index" time="0.280"></testcase><testcase classname="16-index-selectors-test.IndexSelectorJson" name="test_saves_selector_in_index_throws" time="0.198"></testcase><testcase classname="16-index-selectors-test.IndexSelectorJson" name="test_text_doesnot_use_selector_when_not_specified" time="0.000"><skipped type="unittest.case.SkipTest" message="requires text service"><![CDATA[Exception: requires text service
]]></skipped></testcase><testcase classname="16-index-selectors-test.IndexSelectorJson" name="test_text_doesnot_use_selector_when_not_specified_with_index" time="0.000"><skipped type="unittest.case.SkipTest" message="requires text service"><![CDATA[Exception: requires text service
]]></skipped></testcase><testcase classname="16-index-selectors-test.IndexSelectorJson" name="test_text_old_selector_still_supported" time="0.000"><skipped type="unittest.case.SkipTest" message="requires text service"><![CDATA[Exception: requires text service
]]></skipped></testcase><testcase classname="16-index-selectors-test.IndexSelectorJson" name="test_text_old_selector_still_supported_via_api" time="0.000"><skipped type="unittest.case.SkipTest" message="requires text service"><![CDATA[Exception: requires text service
]]></skipped></testcase><testcase classname="16-index-selectors-test.IndexSelectorJson" name="test_text_partial_filter_only_in_return_if_not_default" time="0.000"><skipped type="unittest.case.SkipTest" message="requires text service"><![CDATA[Exception: requires text service
]]></skipped></testcase><testcase classname="16-index-selectors-test.IndexSelectorJson" name="test_text_saves_partialfilterselector_in_index" time="0.000"><skipped type="unittest.case.SkipTest" message="requires text service"><![CDATA[Exception: requires text service
]]></skipped></testcase><testcase classname="16-index-selectors-test.IndexSelectorJson" name="test_text_uses_partial_index_for_query_selector" time="0.000"><skipped type="unittest.case.SkipTest" message="requires text service"><![CDATA[Exception: requires text service
]]></skipped></testcase><testcase classname="16-index-selectors-test.IndexSelectorJson" name="test_text_uses_partial_index_with_different_selector" time="0.000"><skipped type="unittest.case.SkipTest" message="requires text service"><![CDATA[Exception: requires text service
]]></skipped></testcase><testcase classname="16-index-selectors-test.IndexSelectorJson" name="test_uses_partial_index_for_query_selector" time="0.321"></testcase><testcase classname="16-index-selectors-test.IndexSelectorJson" name="test_uses_partial_index_with_different_selector" time="0.264"></testcase><testcase classname="17-multi-type-value-test.MultiValueFieldAllDocsTests" name="test_can_query_with_age_and_name_range" time="0.047"></testcase><testcase classname="17-multi-type-value-test.MultiValueFieldAllDocsTests" name="test_can_query_with_name" time="0.196"></testcase><testcase classname="17-multi-type-value-test.MultiValueFieldAllDocsTests" name="test_can_query_with_name_range" time="0.187"></testcase><testcase classname="17-multi-type-value-test.MultiValueFieldAllDocsTests" name="test_can_query_with_name_subfield" time="0.208"></testcase><testcase classname="17-multi-type-value-test.MultiValueFieldJSONTests" name="test_can_query_with_age_and_name_range" time="0.247"></testcase><testcase classname="17-multi-type-value-test.MultiValueFieldJSONTests" name="test_can_query_with_name" time="0.336"></testcase><testcase classname="17-multi-type-value-test.MultiValueFieldJSONTests" name="test_can_query_with_name_range" time="0.386"></testcase><testcase classname="17-multi-type-value-test.MultiValueFieldJSONTests" name="test_can_query_with_name_subfield" time="0.261"></testcase><testcase classname="20-no-timeout-test.LongRunningMangoTest" name="test_query_does_not_time_out" time="90.806"></testcase></testsuite>